#
# There is insufficient memory for the Java Runtime Environment to continue.
# Native memory allocation (mmap) failed to map 266338304 bytes for G1 virtual space
# Possible reasons:
#   The system is out of physical RAM or swap space
#   The process is running with CompressedOops enabled, and the Java Heap may be blocking the growth of the native heap
# Possible solutions:
#   Reduce memory load on the system
#   Increase physical memory or swap space
#   Check if swap backing store is full
#   Decrease Java heap size (-Xmx/-Xms)
#   Decrease number of Java threads
#   Decrease Java thread stack sizes (-Xss)
#   Set larger code cache with -XX:ReservedCodeCacheSize=
#   JVM is running with Zero Based Compressed Oops mode in which the Java heap is
#     placed in the first 32GB address space. The Java Heap base address is the
#     maximum limit for the native heap growth. Please use -XX:HeapBaseMinAddress
#     to set the Java Heap base and to place the Java Heap above 32GB virtual address.
# This output file may be truncated or incomplete.
#
#  Out of Memory Error (./open/src/hotspot/os/windows/os_windows.cpp:3321), pid=25656, tid=26908
#
# JRE version:  (15.0.2+7) (build )
# Java VM: Java HotSpot(TM) 64-Bit Server VM (15.0.2+7-27, mixed mode, sharing, tiered, compressed oops, g1 gc, windows-amd64)
# No core dump will be written. Minidumps are not enabled by default on client versions of Windows
#

---------------  S U M M A R Y ------------

Command Line: -Dfile.encoding=UTF-8 -agentlib:jdwp=transport=dt_shmem,address=javadebug info5100.university.example.Info5001UniversityExample

Host: Intel(R) Core(TM) i7-6700HQ CPU @ 2.60GHz, 8 cores, 15G,  Windows 10 , 64 bit Build 19041 (10.0.19041.804)
Time: Wed Mar 17 16:53:22 2021 Eastern Daylight Time elapsed time: 0.403312 seconds (0d 0h 0m 0s)

---------------  T H R E A D  ---------------

Current thread (0x0000020dbda1dff0):  JavaThread "Unknown thread" [_thread_in_vm, id=26908, stack(0x000000794a900000,0x000000794aa00000)]

Stack: [0x000000794a900000,0x000000794aa00000]
Native frames: (J=compiled Java code, j=interpreted, Vv=VM code, C=native code)
V  [jvm.dll+0x62ae9a]
V  [jvm.dll+0x7817a9]
V  [jvm.dll+0x782f03]
V  [jvm.dll+0x783563]
V  [jvm.dll+0x216325]
V  [jvm.dll+0x6281d9]
V  [jvm.dll+0x61cf55]
V  [jvm.dll+0x2cffdd]
V  [jvm.dll+0x2cfe42]
V  [jvm.dll+0x2d5e1c]
V  [jvm.dll+0x32590a]
V  [jvm.dll+0x324fd4]
V  [jvm.dll+0x2a6f5a]
V  [jvm.dll+0x2a80f8]
V  [jvm.dll+0x75e241]
V  [jvm.dll+0x3341c4]
V  [jvm.dll+0x73e926]
V  [jvm.dll+0x3b7557]
V  [jvm.dll+0x3b8fe1]
C  [jli.dll+0x52fb]
C  [ucrtbase.dll+0x21bb2]
C  [KERNEL32.DLL+0x17034]
C  [ntdll.dll+0x52651]


---------------  P R O C E S S  ---------------

Threads class SMR info:
_java_thread_list=0x00007ffa56a64ff0, length=0, elements={
}

Java Threads: ( => current thread )

Other Threads:
  0x0000020dbfb12840 GCTaskThread "GC Thread#0" [stack: 0x000000794ab00000,0x000000794ac00000] [id=28224]
  0x0000020dbfb246b0 ConcurrentGCThread "G1 Main Marker" [stack: 0x000000794ac00000,0x000000794ad00000] [id=28228]
  0x0000020dbfb251b0 ConcurrentGCThread "G1 Conc#0" [stack: 0x000000794ad00000,0x000000794ae00000] [id=28232]

[error occurred during error reporting (printing all threads), id 0xc0000005, EXCEPTION_ACCESS_VIOLATION (0xc0000005) at pc=0x00007ffa56257e27]

VM state: not at safepoint (not fully initialized)

VM Mutex/Monitor currently owned by a thread:  ([mutex/lock_event])
[0x0000020dbda1a2f0] Heap_lock - owner thread: 0x0000020dbda1dff0

Heap address: 0x0000000702000000, size: 4064 MB, Compressed Oops mode: Zero based, Oop shift amount: 3
CDS archive(s) mapped at: [0x0000000000000000-0x0000000000000000-0x0000000000000000), size 0, SharedBaseAddress: 0x0000000800000000, ArchiveRelocationMode: 0.
Narrow klass base: 0x0000000000000000, Narrow klass shift: 0, Narrow klass range: 0x0

Heap:
 garbage-first heap   total 260096K, used 0K [0x0000000702000000, 0x0000000800000000)
  region size 2048K, 0 young (0K), 0 survivors (0K)
 Metaspace       used 0K, capacity 0K, committed 0K, reserved 0K
  class space    used 0K, capacity 0K, committed 0K, reserved 0K

Heap Regions: E=young(eden), S=young(survivor), O=old, HS=humongous(starts), HC=humongous(continues), CS=collection set, F=free, OA=open archive, CA=closed archive, TAMS=top-at-mark-start (previous, next)

Card table byte_map: [0x0000020dd7820000,0x0000020dd8010000] _byte_map_base: 0x0000020dd4010000

Marking Bits (Prev, Next): (CMBitMap*) 0x0000020dbfb13f50, (CMBitMap*) 0x0000020dbfb13f90
 Prev Bits: [0x0000020dd8800000, 0x0000020ddc780000)
 Next Bits: [0x0000020ddc780000, 0x0000020de0700000)

GC Heap History (0 events):
No events

Deoptimization events (0 events):
No events

Classes unloaded (0 events):
No events

Classes redefined (0 events):
No events

Internal exceptions (0 events):
No events

Events (1 events):
Event: 0.396 Loaded shared library C:\Program Files\Java\jdk-15.0.2\bin\java.dll


Dynamic libraries:
0x00007ff656210000 - 0x00007ff65621f000 	C:\Program Files\Java\jdk-15.0.2\bin\java.exe
0x00007ffae1150000 - 0x00007ffae1345000 	C:\WINDOWS\SYSTEM32\ntdll.dll
0x00007ffadf210000 - 0x00007ffadf2cd000 	C:\WINDOWS\System32\KERNEL32.DLL
0x00007ffade940000 - 0x00007ffadec09000 	C:\WINDOWS\System32\KERNELBASE.dll
0x00007ffadec10000 - 0x00007ffaded10000 	C:\WINDOWS\System32\ucrtbase.dll
0x00007ffab8070000 - 0x00007ffab8088000 	C:\Program Files\Java\jdk-15.0.2\bin\jli.dll
0x00007ffadff30000 - 0x00007ffadffdc000 	C:\WINDOWS\System32\ADVAPI32.dll
0x00007ffadf2f0000 - 0x00007ffadf38e000 	C:\WINDOWS\System32\msvcrt.dll
0x00007ffae0110000 - 0x00007ffae01ac000 	C:\WINDOWS\System32\sechost.dll
0x00007ffadffe0000 - 0x00007ffae010b000 	C:\WINDOWS\System32\RPCRT4.dll
0x00007ffae0240000 - 0x00007ffae03e0000 	C:\WINDOWS\System32\USER32.dll
0x00007ffadf020000 - 0x00007ffadf042000 	C:\WINDOWS\System32\win32u.dll
0x00007ffadf440000 - 0x00007ffadf46a000 	C:\WINDOWS\System32\GDI32.dll
0x00007ffadf0a0000 - 0x00007ffadf1ab000 	C:\WINDOWS\System32\gdi32full.dll
0x00007ffadeda0000 - 0x00007ffadee3d000 	C:\WINDOWS\System32\msvcp_win.dll
0x00007ffad3d60000 - 0x00007ffad3d79000 	C:\Program Files\Java\jdk-15.0.2\bin\VCRUNTIME140.dll
0x00007ffac7cb0000 - 0x00007ffac7f4a000 	C:\WINDOWS\WinSxS\amd64_microsoft.windows.common-controls_6595b64144ccf1df_6.0.19041.844_none_ca00b6081b84eb1d\COMCTL32.dll
0x00007ffadd740000 - 0x00007ffadd74a000 	C:\WINDOWS\SYSTEM32\VERSION.dll
0x00007ffadff00000 - 0x00007ffadff30000 	C:\WINDOWS\System32\IMM32.DLL
0x00007ffad6040000 - 0x00007ffad604c000 	C:\Program Files\Java\jdk-15.0.2\bin\vcruntime140_1.dll
0x00007ffab8140000 - 0x00007ffab81d1000 	C:\Program Files\Java\jdk-15.0.2\bin\msvcp140.dll
0x00007ffa55fa0000 - 0x00007ffa56afe000 	C:\Program Files\Java\jdk-15.0.2\bin\server\jvm.dll
0x00007ffadf470000 - 0x00007ffadf478000 	C:\WINDOWS\System32\PSAPI.DLL
0x00007ffadc5b0000 - 0x00007ffadc5b9000 	C:\WINDOWS\SYSTEM32\WSOCK32.dll
0x00007ffadf8a0000 - 0x00007ffadf90b000 	C:\WINDOWS\System32\WS2_32.dll
0x00007ffacc8e0000 - 0x00007ffacc907000 	C:\WINDOWS\SYSTEM32\WINMM.dll
0x00007ffadd700000 - 0x00007ffadd712000 	C:\WINDOWS\SYSTEM32\kernel.appcore.dll
0x00007ffad6010000 - 0x00007ffad601a000 	C:\Program Files\Java\jdk-15.0.2\bin\jimage.dll
0x00007ffadc3c0000 - 0x00007ffadc5a4000 	C:\WINDOWS\SYSTEM32\DBGHELP.DLL
0x00007ffac6d90000 - 0x00007ffac6dbc000 	C:\WINDOWS\SYSTEM32\dbgcore.DLL
0x00007ffadefa0000 - 0x00007ffadf020000 	C:\WINDOWS\System32\bcryptPrimitives.dll
0x00007ffaaf200000 - 0x00007ffaaf239000 	C:\Program Files\Java\jdk-15.0.2\bin\jdwp.dll
0x00007ffac3880000 - 0x00007ffac38a5000 	C:\Program Files\Java\jdk-15.0.2\bin\java.dll

dbghelp: loaded successfully - version: 4.0.5 - missing functions: none
symbol engine: initialized successfully - sym options: 0x614 - pdb path: .;C:\Program Files\Java\jdk-15.0.2\bin;C:\WINDOWS\SYSTEM32;C:\WINDOWS\WinSxS\amd64_microsoft.windows.common-controls_6595b64144ccf1df_6.0.19041.844_none_ca00b6081b84eb1d;C:\Program Files\Java\jdk-15.0.2\bin\server

VM Arguments:
jvm_args: -Dfile.encoding=UTF-8 -agentlib:jdwp=transport=dt_shmem,address=javadebug 
java_command: info5100.university.example.Info5001UniversityExample
java_class_path (initial): C:\Users\Okami\Desktop\Info5001-University-Example\build\classes
Launcher Type: SUN_STANDARD

[Global flags]
     intx CICompilerCount                          = 4                                         {product} {ergonomic}
     uint ConcGCThreads                            = 2                                         {product} {ergonomic}
     uint G1ConcRefinementThreads                  = 8                                         {product} {ergonomic}
   size_t G1HeapRegionSize                         = 2097152                                   {product} {ergonomic}
    uintx GCDrainStackTargetSize                   = 64                                        {product} {ergonomic}
   size_t InitialHeapSize                          = 266338304                                 {product} {ergonomic}
   size_t MarkStackSize                            = 4194304                                   {product} {ergonomic}
   size_t MaxHeapSize                              = 4261412864                                {product} {ergonomic}
   size_t MinHeapDeltaBytes                        = 2097152                                   {product} {ergonomic}
   size_t MinHeapSize                              = 8388608                                   {product} {ergonomic}
    uintx NonNMethodCodeHeapSize                   = 5839372                                {pd product} {ergonomic}
    uintx NonProfiledCodeHeapSize                  = 122909434                              {pd product} {ergonomic}
    uintx ProfiledCodeHeapSize                     = 122909434                              {pd product} {ergonomic}
    uintx ReservedCodeCacheSize                    = 251658240                              {pd product} {ergonomic}
     bool SegmentedCodeCache                       = true                                      {product} {ergonomic}
   size_t SoftMaxHeapSize                          = 4261412864                             {manageable} {ergonomic}
     bool UseCompressedClassPointers               = true                                 {lp64_product} {ergonomic}
     bool UseCompressedOops                        = true                                 {lp64_product} {ergonomic}
     bool UseG1GC                                  = true                                      {product} {ergonomic}
     bool UseLargePagesIndividualAllocation        = false                                  {pd product} {ergonomic}

Logging:
Log output configuration:
 #0: stdout all=warning uptime,level,tags
 #1: stderr all=off uptime,level,tags

Environment Variables:
PATH=C:\Program Files\Microsoft MPI\Bin\;C:\Program Files\Common Files\Oracle\Java\javapath;C:\Python38\Scripts\;C:\Python38\;C:\Windows\system32;C:\Windows;C:\Windows\System32\Wbem;C:\Windows\System32\WindowsPowerShell\v1.0\;C:\Windows\System32\OpenSSH\;C:\Program Files (x86)\NVIDIA Corporation\PhysX\Common;C:\Program Files\Tesseract-OCR;C:\Program Files\NVIDIA Corporation\NVIDIA NvDLISR;C:\ProgramData\chocolatey\bin;C:\WINDOWS\system32;C:\WINDOWS;C:\WINDOWS\System32\Wbem;C:\WINDOWS\System32\WindowsPowerShell\v1.0\;C:\WINDOWS\System32\OpenSSH\;D:\Git\cmd;D:\Development\Nodejs\;D:\Blockchain\Geth;D:\Program Files (x86)\Microsoft SQL Server\150\Tools\Binn\;D:\Program Files\Microsoft SQL Server\150\Tools\Binn\;D:\Program Files\Microsoft SQL Server\150\DTS\Binn\;D:\Program Files\Microsoft SQL Server\Client SDK\ODBC\170\Tools\Binn\;?D:\Downloads\;D:\Program Files (x86)\Microsoft SQL Server\150\DTS\Binn\;C:\Program Files\Azure Data Studio\bin;D:\Development\Scripts\;D:\Development\;C:\Users\Okami\AppData\Local\Programs\Python\Python38-32\Scripts\;C:\Users\Okami\AppData\Local\Programs\Python\Python38-32\;C:\Users\Okami\.windows-build-tools\python27\;C:\Users\Okami\AppData\Local\Microsoft\WindowsApps;C:\Users\Okami\AppData\Local\Programs\Microsoft VS Code\bin;C:\Users\Okami\AppData\Local\Microsoft\WindowsApps;D:\Microsoft VS Code\bin;C:\Users\Okami\AppData\Roaming\npm;?D:\Downloads\;;C:\Program Files\Azure Data Studio\bin
USERNAME=Okami
OS=Windows_NT
PROCESSOR_IDENTIFIER=Intel64 Family 6 Model 94 Stepping 3, GenuineIntel



---------------  S Y S T E M  ---------------

OS:
 Windows 10 , 64 bit Build 19041 (10.0.19041.804)
OS uptime: 1 days 16:49 hours

CPU: total 8 (initial active 8) (4 cores per cpu, 2 threads per core) family 6 model 94 stepping 3 microcode 0xd6, cmov, cx8, fxsr, mmx, sse, sse2, sse3, ssse3, sse4.1, sse4.2, popcnt, vzeroupper, avx, avx2, aes, clmul, erms, rtm, 3dnowpref, lzcnt, ht, tsc, tscinvbit, bmi1, bmi2, adx, fma, clflush, clflushopt

Memory: 4k page, system-wide physical 16252M (3320M free)
TotalPageFile size 31434M (AvailPageFile size 71M)
current process WorkingSet (physical memory assigned to process): 10M, peak: 10M
current process commit charge ("private bytes"): 60M, peak: 314M

vm_info: Java HotSpot(TM) 64-Bit Server VM (15.0.2+7-27) for windows-amd64 JRE (15.0.2+7-27), built on Dec  7 2020 20:07:01 by "mach5one" with unknown MS VC++:1925

END.
