#
# A fatal error has been detected by the Java Runtime Environment:
#
#  EXCEPTION_ACCESS_VIOLATION (0xc0000005) at pc=0x00007ffad6011c1d, pid=26052, tid=27940
#
# JRE version:  (15.0.2+7) (build )
# Java VM: Java HotSpot(TM) 64-Bit Server VM (15.0.2+7-27, mixed mode, sharing, tiered, unknown gc, windows-amd64)
# Problematic frame:
# C  [jimage.dll+0x1c1d]
#
# No core dump will be written. Minidumps are not enabled by default on client versions of Windows
#
#

---------------  S U M M A R Y ------------

Command Line: 

Host: Intel(R) Core(TM) i7-6700HQ CPU @ 2.60GHz, 8 cores, 15G,  Windows 10 , 64 bit Build 19041 (10.0.19041.804)
Time: Wed Mar 17 16:53:22 2021 Eastern Daylight Time elapsed time: 0.069975 seconds (0d 0h 0m 0s)

---------------  T H R E A D  ---------------

Current thread is native thread

Stack: [0x0000009a89900000,0x0000009a89a00000],  sp=0x0000009a899fde40,  free space=1015k
Native frames: (J=compiled Java code, j=interpreted, Vv=VM code, C=native code)
C  [jimage.dll+0x1c1d]
C  [jimage.dll+0x1dab]
C  [jimage.dll+0x2689]
V  [jvm.dll+0x1c5eb7]
V  [jvm.dll+0x9c898]
V  [jvm.dll+0x73e49d]
V  [jvm.dll+0x3b7557]
V  [jvm.dll+0x3b8fe1]
C  [jli.dll+0x52fb]
C  [ucrtbase.dll+0x21bb2]
C  [KERNEL32.DLL+0x17034]
C  [ntdll.dll+0x52651]


siginfo: EXCEPTION_ACCESS_VIOLATION (0xc0000005), reading address 0x000000000001c55c


Registers:
RAX=0x0000000000007150, RBX=0x0000009a899fdf31, RCX=0x00007ffad6016000, RDX=0x0000000000007150
RSP=0x0000009a899fde40, RBP=0x0000009a899fdf30, RSI=0x0000000000007e57, RDI=0x0000009a899fdf30
R8 =0x00007ffad6014298, R9 =0x000000000000001c, R10=0x00007ffa5680c600, R11=0x00007ffad6016000
R12=0x0000000000000000, R13=0x000001e03847f920, R14=0x0000009a899fefa0, R15=0x00007ffa5680c6d0
RIP=0x00007ffad6011c1d, EFLAGS=0x0000000000010246

Top of Stack: (sp=0x0000009a899fde40)
0x0000009a899fde40:   0000000000000000 0000000000000000
0x0000009a899fde50:   0000000000000000 0000000000000000
0x0000009a899fde60:   000001e03847aa50 00007ffad6011dab
0x0000009a899fde70:   000000000000000b 000001e03847aa50
0x0000009a899fde80:   0000000000000000 0000000000000000
0x0000009a899fde90:   0000000000000000 0000000000000000
0x0000009a899fdea0:   0000000000000000 0000000000000000
0x0000009a899fdeb0:   0000000000000000 0000000000000000
0x0000009a899fdec0:   0000000000000000 0000000000000000
0x0000009a899fded0:   0000560283ab0bc5 0000000000000000
0x0000009a899fdee0:   00007ffa567e9268 0000000000000017
0x0000009a899fdef0:   000001e03847aa50 0000009a899fefa0
0x0000009a899fdf00:   000000000000000b 00007ffad6012689
0x0000009a899fdf10:   0000000000000000 0000000000000000
0x0000009a899fdf20:   0000000000000000 0000000000000000
0x0000009a899fdf30:   61622e6176616a2f 692f6b646a2f6573 

Instructions: (pc=0x00007ffad6011c1d)
0x00007ffad6011b1d:   d2 44 8d 42 40 e9 35 20 00 00 cc 40 53 48 83 ec
0x00007ffad6011b2d:   20 48 8b d9 48 8b 49 48 48 85 c9 74 1d 80 3d cf
0x00007ffad6011b3d:   44 00 00 00 74 06 48 8b 53 18 eb 04 48 8b 53 40
0x00007ffad6011b4d:   e8 96 0e 00 00 48 83 63 48 00 8b 4b 0c 83 f9 ff
0x00007ffad6011b5d:   74 09 e8 cc 0c 00 00 83 4b 0c ff 48 83 c4 20 5b
0x00007ffad6011b6d:   c3 cc cc 40 53 48 83 ec 20 48 8b d9 48 8d 0d b0
0x00007ffad6011b7d:   46 00 00 e8 b3 0c 00 00 83 6b 08 01 75 24 48 8b
0x00007ffad6011b8d:   d3 48 8d 0d 83 44 00 00 e8 22 08 00 00 48 8b cb
0x00007ffad6011b9d:   e8 aa fe ff ff ba 78 00 00 00 48 8b cb e8 b1 0e
0x00007ffad6011bad:   00 00 48 8d 0d 7a 46 00 00 48 83 c4 20 5b e9 80
0x00007ffad6011bbd:   0c 00 00 48 89 5c 24 08 48 89 74 24 10 57 48 83
0x00007ffad6011bcd:   ec 20 41 8b f1 4d 8b c8 48 8b fa 4c 8b d9 4d 85
0x00007ffad6011bdd:   c0 74 78 85 f6 74 74 44 8a 12 48 8d 5a 01 48 8b
0x00007ffad6011bed:   d3 b8 93 01 00 01 eb 12 69 c0 93 01 00 01 41 0f
0x00007ffad6011bfd:   b6 ca 44 8a 12 33 c1 48 ff c2 45 84 d2 75 e9 4d
0x00007ffad6011c0d:   8b 03 0f ba f0 1f 33 d2 49 8b cb f7 f6 48 63 c2
0x00007ffad6011c1d:   41 8b 14 81 41 ff 50 08 85 c0 7e 24 8a 0f eb 10
0x00007ffad6011c2d:   69 c0 93 01 00 01 0f b6 c9 33 c1 8a 0b 48 ff c3
0x00007ffad6011c3d:   84 c9 75 ec 0f ba f0 1f 33 d2 f7 f6 8b c2 eb 0e
0x00007ffad6011c4d:   79 09 83 c9 ff 2b c8 8b c1 eb 03 83 c8 ff 48 8b
0x00007ffad6011c5d:   5c 24 30 48 8b 74 24 38 48 83 c4 20 5f c3 cc 48
0x00007ffad6011c6d:   89 5c 24 08 48 89 74 24 10 57 48 83 ec 20 48 8b
0x00007ffad6011c7d:   f1 48 8d 0d ab 45 00 00 e8 ae 0b 00 00 33 ff 39
0x00007ffad6011c8d:   3d 86 43 00 00 76 24 48 8b 05 85 43 00 00 48 8b
0x00007ffad6011c9d:   d6 48 8b 1c f8 48 8b 0b e8 d6 1e 00 00 85 c0 74
0x00007ffad6011cad:   2b ff c7 3b 3d 62 43 00 00 72 dc 33 db 48 8d 0d
0x00007ffad6011cbd:   6f 45 00 00 e8 7a 0b 00 00 48 8b 74 24 38 48 8b
0x00007ffad6011ccd:   c3 48 8b 5c 24 30 48 83 c4 20 5f c3 ff 43 08 eb
0x00007ffad6011cdd:   dc cc cc 48 89 5c 24 08 48 89 74 24 10 57 48 83
0x00007ffad6011ced:   ec 20 48 8b d9 48 8b f2 48 8b 49 10 49 8b f8 8b
0x00007ffad6011cfd:   53 30 48 8b 01 ff 50 20 4c 8b 43 50 48 8b d6 48
0x00007ffad6011d0d:   8b 4b 10 44 8b c8 e8 a8 fe ff ff 83 f8 ff 74 38 



---------------  P R O C E S S  ---------------

VM state: not at safepoint (not fully initialized)

VM Mutex/Monitor currently owned by a thread: None


Dynamic libraries:
0x00007ff656210000 - 0x00007ff65621f000 	C:\Program Files\Java\jdk-15.0.2\bin\java.exe
0x00007ffae1150000 - 0x00007ffae1345000 	C:\WINDOWS\SYSTEM32\ntdll.dll
0x00007ffadf210000 - 0x00007ffadf2cd000 	C:\WINDOWS\System32\KERNEL32.DLL
0x00007ffade940000 - 0x00007ffadec09000 	C:\WINDOWS\System32\KERNELBASE.dll
0x00007ffadec10000 - 0x00007ffaded10000 	C:\WINDOWS\System32\ucrtbase.dll
0x00007ffab8070000 - 0x00007ffab8088000 	C:\Program Files\Java\jdk-15.0.2\bin\jli.dll
0x00007ffadff30000 - 0x00007ffadffdc000 	C:\WINDOWS\System32\ADVAPI32.dll
0x00007ffadf2f0000 - 0x00007ffadf38e000 	C:\WINDOWS\System32\msvcrt.dll
0x00007ffae0110000 - 0x00007ffae01ac000 	C:\WINDOWS\System32\sechost.dll
0x00007ffadffe0000 - 0x00007ffae010b000 	C:\WINDOWS\System32\RPCRT4.dll
0x00007ffae0240000 - 0x00007ffae03e0000 	C:\WINDOWS\System32\USER32.dll
0x00007ffadf020000 - 0x00007ffadf042000 	C:\WINDOWS\System32\win32u.dll
0x00007ffadf440000 - 0x00007ffadf46a000 	C:\WINDOWS\System32\GDI32.dll
0x00007ffadf0a0000 - 0x00007ffadf1ab000 	C:\WINDOWS\System32\gdi32full.dll
0x00007ffadeda0000 - 0x00007ffadee3d000 	C:\WINDOWS\System32\msvcp_win.dll
0x00007ffad3d60000 - 0x00007ffad3d79000 	C:\Program Files\Java\jdk-15.0.2\bin\VCRUNTIME140.dll
0x00007ffac7cb0000 - 0x00007ffac7f4a000 	C:\WINDOWS\WinSxS\amd64_microsoft.windows.common-controls_6595b64144ccf1df_6.0.19041.844_none_ca00b6081b84eb1d\COMCTL32.dll
0x00007ffadd740000 - 0x00007ffadd74a000 	C:\WINDOWS\SYSTEM32\VERSION.dll
0x00007ffadff00000 - 0x00007ffadff30000 	C:\WINDOWS\System32\IMM32.DLL
0x00007ffad6040000 - 0x00007ffad604c000 	C:\Program Files\Java\jdk-15.0.2\bin\vcruntime140_1.dll
0x00007ffab8140000 - 0x00007ffab81d1000 	C:\Program Files\Java\jdk-15.0.2\bin\msvcp140.dll
0x00007ffa55fa0000 - 0x00007ffa56afe000 	C:\Program Files\Java\jdk-15.0.2\bin\server\jvm.dll
0x00007ffadf470000 - 0x00007ffadf478000 	C:\WINDOWS\System32\PSAPI.DLL
0x00007ffadc5b0000 - 0x00007ffadc5b9000 	C:\WINDOWS\SYSTEM32\WSOCK32.dll
0x00007ffadf8a0000 - 0x00007ffadf90b000 	C:\WINDOWS\System32\WS2_32.dll
0x00007ffacc8e0000 - 0x00007ffacc907000 	C:\WINDOWS\SYSTEM32\WINMM.dll
0x00007ffadd700000 - 0x00007ffadd712000 	C:\WINDOWS\SYSTEM32\kernel.appcore.dll
0x00007ffad6010000 - 0x00007ffad601a000 	C:\Program Files\Java\jdk-15.0.2\bin\jimage.dll
0x00007ffadc3c0000 - 0x00007ffadc5a4000 	C:\WINDOWS\SYSTEM32\DBGHELP.DLL
0x00007ffac6d90000 - 0x00007ffac6dbc000 	C:\WINDOWS\SYSTEM32\dbgcore.DLL
0x00007ffadefa0000 - 0x00007ffadf020000 	C:\WINDOWS\System32\bcryptPrimitives.dll

dbghelp: loaded successfully - version: 4.0.5 - missing functions: none
symbol engine: initialized successfully - sym options: 0x614 - pdb path: .;C:\Program Files\Java\jdk-15.0.2\bin;C:\WINDOWS\SYSTEM32;C:\WINDOWS\WinSxS\amd64_microsoft.windows.common-controls_6595b64144ccf1df_6.0.19041.844_none_ca00b6081b84eb1d;C:\Program Files\Java\jdk-15.0.2\bin\server

VM Arguments:
java_command: <unknown>
java_class_path (initial): <not set>
Launcher Type: SUN_STANDARD

[Global flags]
     bool UseLargePagesIndividualAllocation        = false                                  {pd product} {ergonomic}

Logging:
Log output configuration:
 #0: stdout all=warning uptime,level,tags
 #1: stderr all=off uptime,level,tags

Environment Variables:
PATH=C:\Program Files\Microsoft MPI\Bin\;C:\Program Files\Common Files\Oracle\Java\javapath;C:\Python38\Scripts\;C:\Python38\;C:\Windows\system32;C:\Windows;C:\Windows\System32\Wbem;C:\Windows\System32\WindowsPowerShell\v1.0\;C:\Windows\System32\OpenSSH\;C:\Program Files (x86)\NVIDIA Corporation\PhysX\Common;C:\Program Files\Tesseract-OCR;C:\Program Files\NVIDIA Corporation\NVIDIA NvDLISR;C:\ProgramData\chocolatey\bin;C:\WINDOWS\system32;C:\WINDOWS;C:\WINDOWS\System32\Wbem;C:\WINDOWS\System32\WindowsPowerShell\v1.0\;C:\WINDOWS\System32\OpenSSH\;D:\Git\cmd;D:\Development\Nodejs\;D:\Blockchain\Geth;D:\Program Files (x86)\Microsoft SQL Server\150\Tools\Binn\;D:\Program Files\Microsoft SQL Server\150\Tools\Binn\;D:\Program Files\Microsoft SQL Server\150\DTS\Binn\;D:\Program Files\Microsoft SQL Server\Client SDK\ODBC\170\Tools\Binn\;?D:\Downloads\;D:\Program Files (x86)\Microsoft SQL Server\150\DTS\Binn\;C:\Program Files\Azure Data Studio\bin;D:\Development\Scripts\;D:\Development\;C:\Users\Okami\AppData\Local\Programs\Python\Python38-32\Scripts\;C:\Users\Okami\AppData\Local\Programs\Python\Python38-32\;C:\Users\Okami\.windows-build-tools\python27\;C:\Users\Okami\AppData\Local\Microsoft\WindowsApps;C:\Users\Okami\AppData\Local\Programs\Microsoft VS Code\bin;C:\Users\Okami\AppData\Local\Microsoft\WindowsApps;D:\Microsoft VS Code\bin;C:\Users\Okami\AppData\Roaming\npm;?D:\Downloads\;;C:\Program Files\Azure Data Studio\bin
USERNAME=Okami
OS=Windows_NT
PROCESSOR_IDENTIFIER=Intel64 Family 6 Model 94 Stepping 3, GenuineIntel



---------------  S Y S T E M  ---------------

OS:
 Windows 10 , 64 bit Build 19041 (10.0.19041.804)
OS uptime: 1 days 16:49 hours

CPU: total 8 (initial active 0) 

Memory: 4k page, system-wide physical 16252M (3315M free)
TotalPageFile size 31434M (AvailPageFile size 364M)
current process WorkingSet (physical memory assigned to process): 7M, peak: 7M
current process commit charge ("private bytes"): 3M, peak: 3M

vm_info: Java HotSpot(TM) 64-Bit Server VM (15.0.2+7-27) for windows-amd64 JRE (15.0.2+7-27), built on Dec  7 2020 20:07:01 by "mach5one" with unknown MS VC++:1925

END.
